#
# There is insufficient memory for the Java Runtime Environment to continue.
# Native memory allocation (malloc) failed to allocate 1048576 bytes for AllocateHeap
# Possible reasons:
#   The system is out of physical RAM or swap space
#   In 32 bit mode, the process size limit was hit
# Possible solutions:
#   Reduce memory load on the system
#   Increase physical memory or swap space
#   Check if swap backing store is full
#   Use 64 bit Java on a 64 bit OS
#   Decrease Java heap size (-Xmx/-Xms)
#   Decrease number of Java threads
#   Decrease Java thread stack sizes (-Xss)
#   Set larger code cache with -XX:ReservedCodeCacheSize=
# This output file may be truncated or incomplete.
#
#  Out of Memory Error (memory/allocation.inline.hpp:61), pid=7468, tid=0x000000000000197c
#
# JRE version:  (8.0_101-b13) (build )
# Java VM: Java HotSpot(TM) 64-Bit Server VM (25.101-b13 mixed mode windows-amd64 compressed oops)
# Failed to write core dump. Minidumps are not enabled by default on client versions of Windows
#

---------------  T H R E A D  ---------------

Current thread (0x00000000025ce000):  JavaThread "Unknown thread" [_thread_in_vm, id=6524, stack(0x0000000002780000,0x0000000002880000)]

Stack: [0x0000000002780000,0x0000000002880000]
[error occurred during error reporting (printing stack bounds), id 0xc0000005]

Native frames: (J=compiled Java code, j=interpreted, Vv=VM code, C=native code)


---------------  P R O C E S S  ---------------

Java Threads: ( => current thread )

Other Threads:

=>0x00000000025ce000 (exited) JavaThread "Unknown thread" [_thread_in_vm, id=6524, stack(0x0000000002780000,0x0000000002880000)]

VM state:not at safepoint (normal execution)

VM Mutex/Monitor currently owned by a thread: None

Heap:
 PSYoungGen      total 18944K, used 327K [0x00000000d5580000, 0x00000000d6a80000, 0x0000000100000000)
  eden space 16384K, 2% used [0x00000000d5580000,0x00000000d55d1ec8,0x00000000d6580000)
  from space 2560K, 0% used [0x00000000d6800000,0x00000000d6800000,0x00000000d6a80000)
  to   space 2560K, 0% used [0x00000000d6580000,0x00000000d6580000,0x00000000d6800000)
 ParOldGen       total 44032K, used 0K [0x0000000080000000, 0x0000000082b00000, 0x00000000d5580000)
  object space 44032K, 0% used [0x0000000080000000,0x0000000080000000,0x0000000082b00000)
 Metaspace       used 769K, capacity 4480K, committed 4480K, reserved 1056768K
  class space    used 75K, capacity 384K, committed 384K, reserved 1048576K

Card table byte_map: [0x0000000011c40000,0x0000000012050000] byte_map_base: 0x0000000011840000

Marking Bits: (ParMarkBitMap*) 0x000000006b68a6d0
 Begin Bits: [0x0000000012ec0000, 0x0000000014ec0000)
 End Bits:   [0x0000000014ec0000, 0x0000000016ec0000)

Polling page: 0x0000000000140000

CodeCache: size=245760Kb used=327Kb max_used=327Kb free=245432Kb
 bounds [0x0000000002880000, 0x0000000002af0000, 0x0000000011880000]
 total_blobs=57 nmethods=0 adapters=38
 compilation: enabled

Compilation events (0 events):
No events

GC Heap History (0 events):
No events

Deoptimization events (0 events):
No events

Internal exceptions (0 events):
No events

Events (10 events):
Event: 0.087 loading class java/lang/Short
Event: 0.087 loading class java/lang/Short done
Event: 0.087 loading class java/lang/Integer
Event: 0.087 loading class java/lang/Integer done
Event: 0.087 loading class java/lang/Long
Event: 0.088 loading class java/lang/Long done
Event: 0.090 loading class java/lang/NullPointerException
Event: 0.090 loading class java/lang/NullPointerException done
Event: 0.090 loading class java/lang/ArithmeticException
Event: 0.090 loading class java/lang/ArithmeticException done


Dynamic libraries:
0x000000013f870000 - 0x000000013f8a7000 	C:\devtool\jdk1.8\bin\java.exe
0x0000000076f70000 - 0x0000000077119000 	C:\Windows\SYSTEM32\ntdll.dll
0x0000000076d50000 - 0x0000000076e6f000 	C:\Windows\system32\kernel32.dll
0x000007fefd050000 - 0x000007fefd0bb000 	C:\Windows\system32\KERNELBASE.dll
0x000007fefddc0000 - 0x000007fefde9b000 	C:\Windows\system32\ADVAPI32.dll
0x000007fefd5a0000 - 0x000007fefd63f000 	C:\Windows\system32\msvcrt.dll
0x000007fefeea0000 - 0x000007fefeebf000 	C:\Windows\SYSTEM32\sechost.dll
0x000007fefd290000 - 0x000007fefd3bd000 	C:\Windows\system32\RPCRT4.dll
0x0000000076e70000 - 0x0000000076f6a000 	C:\Windows\system32\USER32.dll
0x000007fefed90000 - 0x000007fefedf7000 	C:\Windows\system32\GDI32.dll
0x000007fefdd30000 - 0x000007fefdd3e000 	C:\Windows\system32\LPK.dll
0x000007fefdb60000 - 0x000007fefdc29000 	C:\Windows\system32\USP10.dll
0x000007fefbac0000 - 0x000007fefbcb4000 	C:\Windows\WinSxS\amd64_microsoft.windows.common-controls_6595b64144ccf1df_6.0.7601.17514_none_fa396087175ac9ac\COMCTL32.dll
0x000007fefdd40000 - 0x000007fefddb1000 	C:\Windows\system32\SHLWAPI.dll
0x000007fefdea0000 - 0x000007fefdece000 	C:\Windows\system32\IMM32.DLL
0x000007fefd670000 - 0x000007fefd779000 	C:\Windows\system32\MSCTF.dll
0x000000006c1e0000 - 0x000000006c2b2000 	C:\devtool\jdk1.8\jre\bin\msvcr100.dll
0x000000006ae70000 - 0x000000006b70a000 	C:\devtool\jdk1.8\jre\bin\server\jvm.dll
0x000007fef8e80000 - 0x000007fef8e89000 	C:\Windows\system32\WSOCK32.dll
0x000007fefd780000 - 0x000007fefd7cd000 	C:\Windows\system32\WS2_32.dll
0x000007fefd660000 - 0x000007fefd668000 	C:\Windows\system32\NSI.dll
0x000007fef94c0000 - 0x000007fef94fb000 	C:\Windows\system32\WINMM.dll
0x000007fefbfb0000 - 0x000007fefbfbc000 	C:\Windows\system32\VERSION.dll
0x0000000077130000 - 0x0000000077137000 	C:\Windows\system32\PSAPI.DLL
0x000000006c4e0000 - 0x000000006c4ef000 	C:\devtool\jdk1.8\jre\bin\verify.dll
0x000000006bd70000 - 0x000000006bd99000 	C:\devtool\jdk1.8\jre\bin\java.dll
0x000000006c1c0000 - 0x000000006c1d6000 	C:\devtool\jdk1.8\jre\bin\zip.dll

VM Arguments:
jvm_args: -Xmx2048M -Dcom.android.sdkmanager.toolsdir=C:/devtool/androidsdk_5.6.1\tools -Dfile.encoding=UTF8 
java_command: C:\devtool\unity\2017.3.1\Editor\Data\PlaybackEngines\AndroidPlayer/Tools\sdktools.jar -
java_class_path (initial): C:\devtool\unity\2017.3.1\Editor\Data\PlaybackEngines\AndroidPlayer/Tools\sdktools.jar
Launcher Type: SUN_STANDARD

Environment Variables:
JAVA_HOME=C:\devtool\jdk1.8
PATH=C:\ProgramData\Oracle\Java\javapath;C:\Windows\system32;C:\Windows;C:\Windows\System32\Wbem;C:\Windows\System32\WindowsPowerShell\v1.0\;C:\Program Files (x86)\GtkSharp\2.12\bin;C:\Program Files\dotnet\;C:\Program Files\Bandizip\7z
USERNAME=Administrator
OS=Windows_NT
PROCESSOR_IDENTIFIER=Intel64 Family 6 Model 30 Stepping 5, GenuineIntel



---------------  S Y S T E M  ---------------

OS: Windows 7 , 64 bit Build 7601 (6.1.7601.18015)

CPU:total 8 (4 cores per cpu, 2 threads per core) family 6 model 30 stepping 5, cmov, cx8, fxsr, mmx, sse, sse2, sse3, ssse3, sse4.1, sse4.2, popcnt, ht, tsc, tscinvbit

Memory: 4k page, physical 4125248k(752824k free), swap 4123384k(5100k free)

vm_info: Java HotSpot(TM) 64-Bit Server VM (25.101-b13) for windows-amd64 JRE (1.8.0_101-b13), built on Jun 22 2016 01:21:29 by "java_re" with MS VC++ 10.0 (VS2010)

time: Fri Jun 15 17:22:53 2018
elapsed time: 0 seconds (0d 0h 0m 0s)

